[0mGET / [32m200[0m 235.178 ms - 32252[0m
[0mGET /favicon.ico [0m-[0m - ms - -[0m
[0mGET /users/sign-in [32m200[0m 30.853 ms - 3464[0m
[0mGET /users/auth/google [36m302[0m 6.596 ms - 0[0m
[0mPOST /users/create-session [36m302[0m 10.474 ms - 46[0m
[0mGET / [32m200[0m 85.548 ms - 47578[0m
[0mGET / [32m200[0m 79.583 ms - 32252[0m
[0mGET /favicon.ico [33m404[0m 1.376 ms - 150[0m
[0mGET / [36m304[0m 104.261 ms - -[0m
[0mGET /users/sign-in [32m200[0m 2.940 ms - 3464[0m
[0mPOST /users/create-session [36m302[0m 4.430 ms - 46[0m
[0mGET / [36m304[0m 79.307 ms - -[0m
[0mGET /users/sign-in [36m304[0m 3.194 ms - -[0m
[0mPOST /users/create-session [36m302[0m 3.882 ms - 46[0m
[0mGET / [36m304[0m 59.452 ms - -[0m
[0mGET /users/sign-in [36m304[0m 3.192 ms - -[0m
[0mPOST /users/create-session [36m302[0m 4.908 ms - 46[0m
[0mGET / [36m304[0m 67.228 ms - -[0m
[0mGET / [36m304[0m 104.285 ms - -[0m
[0mGET /users/sign-in [36m304[0m 11.632 ms - -[0m
[0mPOST /users/create-session [36m302[0m 10.885 ms - 46[0m
[0mGET / [36m304[0m 97.846 ms - -[0m
[0mGET /users/sign-in [36m304[0m 3.361 ms - -[0m
[0mPOST /users/create-session [36m302[0m 4.769 ms - 46[0m
[0mGET / [36m304[0m 68.388 ms - -[0m
[0mGET / [36m304[0m 62.407 ms - -[0m
[0mGET / [36m304[0m 62.369 ms - -[0m
[0mGET / [36m304[0m 66.290 ms - -[0m
[0mGET /users/sign-in [36m304[0m 2.221 ms - -[0m
[0mPOST /users/create-session [36m302[0m 5.281 ms - 46[0m
[0mGET / [36m304[0m 56.522 ms - -[0m
[0mGET / [36m304[0m 134.588 ms - -[0m
[0mGET /users/sign-in [36m304[0m 5.303 ms - -[0m
[0mPOST /users/create-session [36m302[0m 8.524 ms - 46[0m
[0mGET / [36m304[0m 85.601 ms - -[0m
[0mGET /users/sign-in [36m304[0m 14.292 ms - -[0m
[0mPOST /users/create-session [36m302[0m 16.544 ms - 46[0m
[0mGET / [36m304[0m 90.768 ms - -[0m
[0mGET / [36m304[0m 78.113 ms - -[0m
[0mGET / [36m304[0m 127.710 ms - -[0m
[0mGET /users/sign-in [36m304[0m 3.562 ms - -[0m
[0mPOST /users/create-session [36m302[0m 5.067 ms - 46[0m
[0mGET / [36m304[0m 87.521 ms - -[0m
[0mGET /users/sign-in [36m304[0m 2.513 ms - -[0m
[0mPOST /users/create-session [36m302[0m 4.087 ms - 46[0m
[0mGET / [36m304[0m 60.396 ms - -[0m
[0mGET /users/sign-in [36m304[0m 12.496 ms - -[0m
[0mGET /users/auth/google [36m302[0m 5.691 ms - 0[0m
[0mGET / [32m200[0m 116.040 ms - 47287[0m
[0mGET /favicon.ico [0m-[0m - ms - -[0m
[0mPOST /users/create-session [36m302[0m 5.677 ms - 72[0m
[0mGET /users/sign-in [36m304[0m 3.263 ms - -[0m
[0mGET /users/sign-out [36m302[0m 7.606 ms - 46[0m
[0mGET / [32m200[0m 84.926 ms - 32527[0m
[0mGET /users/sign-in [36m304[0m 4.027 ms - -[0m
[0mPOST /users/create-session [36m302[0m 6.377 ms - 46[0m
[0mGET / [32m200[0m 78.731 ms - 47447[0m
[0mPOST /comments/create [36m302[0m 96.715 ms - 46[0m
[0mGET / [32m200[0m 114.165 ms - 48120[0m
[0mGET /users/sign-in [36m304[0m 16.503 ms - -[0m
[0mGET / [32m200[0m 527.861 ms - 34071[0m
[0mGET /favicon.ico [33m404[0m 16.059 ms - 150[0m
[0mGET /users/sign-in [32m200[0m 19.923 ms - 3464[0m
[0mGET /users/auth/google [36m302[0m 17.713 ms - 0[0m
[0mPOST /users/create-session [36m302[0m 50.993 ms - 46[0m
[0mGET / [32m200[0m 426.079 ms - 50404[0m
[0mPOST /likes/toggle/?id=5f78a1b6a8e0d03b6692d269&type=Comment [32m200[0m 169.691 ms - 58[0m
[0mPOST /likes/toggle/?id=5f78a1b6a8e0d03b6692d269&type=Comment [32m200[0m 47.368 ms - 57[0m
[0mPOST /likes/toggle/?id=5f78a1b6a8e0d03b6692d269&type=Comment [32m200[0m 44.535 ms - 58[0m
[0mPOST /likes/toggle/?id=5f78a1b6a8e0d03b6692d269&type=Comment [32m200[0m 41.399 ms - 57[0m
[0mPOST /likes/toggle/?id=5f78a1b6a8e0d03b6692d269&type=Comment [32m200[0m 44.238 ms - 58[0m
[0mPOST /likes/toggle/?id=5f78a1b6a8e0d03b6692d269&type=Comment [32m200[0m 39.390 ms - 57[0m
[0mPOST /likes/toggle/?id=5fedbbacb4def84c405abb62&type=Comment [32m200[0m 38.297 ms - 58[0m
[0mPOST /likes/toggle/?id=5fedbbacb4def84c405abb62&type=Comment [32m200[0m 41.481 ms - 57[0m
[0mPOST /likes/toggle/?id=5fedbbacb4def84c405abb62&type=Comment [32m200[0m 34.590 ms - 58[0m
[0mGET / [32m200[0m 595.747 ms - 34071[0m
[0mGET /favicon.ico [33m404[0m 16.457 ms - 150[0m
[0mGET /users/sign-in [32m200[0m 26.074 ms - 3464[0m
[0mGET /users/auth/google [36m302[0m 30.932 ms - 0[0m
[0mGET /users/sign-in [32m200[0m 68.208 ms - 3464[0m
[0mGET /favicon.ico [33m404[0m 16.028 ms - 150[0m
[0mGET /users/auth/google [36m302[0m 20.511 ms - 0[0m
[0mGET /users/auth/google [36m302[0m 45.696 ms - 0[0m
[0mGET /users/auth/google [36m302[0m 48.913 ms - 0[0m
[0mGET / [32m200[0m 407.498 ms - 34071[0m
[0mGET /favicon.ico [33m404[0m 6.767 ms - 150[0m
[0mGET /users/sign-in [32m200[0m 14.310 ms - 3464[0m
[0mGET /users/auth/google [36m302[0m 33.642 ms - 0[0m
[0mGET / [32m200[0m 449.317 ms - 34071[0m
[0mGET /favicon.ico [33m404[0m 14.133 ms - 150[0m
[0mGET /users/sign-in [32m200[0m 44.468 ms - 3464[0m
[0mGET /users/auth/google [36m302[0m 17.545 ms - 0[0m
[0mGET /users/auth/google [36m302[0m 59.837 ms - 0[0m
[0mGET /users/sign-in [36m304[0m 71.188 ms - -[0m
[0mPOST /users/create-session [36m302[0m 87.967 ms - 46[0m
[0mGET / [32m200[0m 450.174 ms - 50404[0m
[0mPOST /likes/toggle/?id=5fedbbacb4def84c405abb62&type=Comment [32m200[0m 131.655 ms - 57[0m
[0mPOST /likes/toggle/?id=5f7c532123a5033d247b0819&type=Post [32m200[0m 69.794 ms - 58[0m
[0mPOST /likes/toggle/?id=5f7c532823a5033d247b081a&type=Comment [32m200[0m 37.113 ms - 58[0m
[0mGET / [32m200[0m 524.478 ms - 50113[0m
[0mGET /users/sign-out [36m302[0m 41.055 ms - 46[0m
[0mGET / [32m200[0m 271.252 ms - 34346[0m
[0mGET /users/sign-in [36m304[0m 18.061 ms - -[0m
[0mGET /users/auth/google [36m302[0m 17.479 ms - 0[0m
[0mGET /users/sign-in [36m304[0m 30.587 ms - -[0m
[0mPOST /users/create-session [36m302[0m 23.709 ms - 46[0m
[0mGET / [32m200[0m 376.929 ms - 50404[0m
[0mPOST /comments/create [36m302[0m 82.969 ms - 46[0m
[0mGET / [32m200[0m 403.689 ms - 51074[0m
[0mGET / [32m200[0m 440.263 ms - 34591[0m
[0mGET /favicon.ico [33m404[0m 17.414 ms - 150[0m
[0mGET /users/sign-in [36m304[0m 18.329 ms - -[0m
[0mGET /users/auth/google [36m302[0m 19.610 ms - 0[0m
[0mPOST /users/create-session [36m302[0m 38.801 ms - 46[0m
[0mGET / [32m200[0m 349.118 ms - 51078[0m
[0mGET / [32m200[0m 427.803 ms - 2933[0m
[0mGET /users/profile [33m404[0m 16.450 ms - 152[0m
[0mPOST /users/create-session [36m302[0m 20.989 ms - 46[0m
[0mGET / [32m200[0m 306.009 ms - 3224[0m
[0mGET /users/profile [33m404[0m 15.391 ms - 152[0m
